<?xml version="1.0" encoding="UTF-8"?>
<testng-results ignored="0" total="1" passed="0" failed="1" skipped="0">
  <reporter-output>
  </reporter-output>
  <suite started-at="2025-01-06T08:23:26 IST" name="Default suite" finished-at="2025-01-06T08:24:41 IST" duration-ms="75868">
    <groups>
      <group name="cucumber">
        <method signature="AbstractTestNGCucumberTests.runScenario(io.cucumber.testng.PickleWrapper,io.cucumber.testng.FeatureWrapper)[pri:0, instance:com.ebay.runner.TestRunner@1d296da]" name="runScenario" class="io.cucumber.testng.AbstractTestNGCucumberTests"/>
      </group> <!-- cucumber -->
    </groups>
    <test started-at="2025-01-06T08:23:26 IST" name="Default test" finished-at="2025-01-06T08:24:41 IST" duration-ms="75868">
      <class name="com.ebay.runner.TestRunner">
        <test-method is-config="true" signature="setUpClass(org.testng.ITestContext)[pri:0, instance:com.ebay.runner.TestRunner@1d296da]" started-at="2025-01-06T08:23:26 IST" name="setUpClass" finished-at="2025-01-06T08:23:26 IST" duration-ms="394" status="PASS">
          <params>
            <param index="0">
              <value>
                <![CDATA[org.testng.TestRunner@39109136]]>
              </value>
            </param>
          </params>
          <reporter-output>
          </reporter-output>
        </test-method> <!-- setUpClass -->
        <test-method signature="runScenario(io.cucumber.testng.PickleWrapper,io.cucumber.testng.FeatureWrapper)[pri:0, instance:com.ebay.runner.TestRunner@1d296da]" started-at="2025-01-06T08:23:26 IST" name="runScenario" description="Runs Cucumber Scenarios" data-provider="scenarios" finished-at="2025-01-06T08:24:41 IST" duration-ms="75420" status="FAIL">
          <params>
            <param index="0">
              <value>
                <![CDATA["Verify related best seller products after selecting a wallet"]]>
              </value>
            </param>
            <param index="1">
              <value>
                <![CDATA["Shopping for a wallet and verifying related best seller products"]]>
              </value>
            </param>
          </params>
          <exception class="com.microsoft.playwright.TimeoutError">
            <message>
              <![CDATA[Error {
  message='Timeout 60000ms exceeded.
=========================== logs ===========================
waiting for selector "(//ul[@class='srp-results srp-grid clearfix']//li[@class='s-item'])[1]//a[@class='s-item__link']" to be visible
============================================================
  name='TimeoutError
  stack='TimeoutError: Timeout 60000ms exceeded.
=========================== logs ===========================
waiting for selector "(//ul[@class='srp-results srp-grid clearfix']//li[@class='s-item'])[1]//a[@class='s-item__link']" to be visible
============================================================
    at ProgressController.run (C:\Users\CYBORG~1\AppData\Local\Temp\playwright-java-6717313674447195659\package\lib\server\progress.js:96:26)
    at Frame.waitForSelector (C:\Users\CYBORG~1\AppData\Local\Temp\playwright-java-6717313674447195659\package\lib\server\frames.js:760:23)
    at FrameDispatcher.waitForSelector (C:\Users\CYBORG~1\AppData\Local\Temp\playwright-java-6717313674447195659\package\lib\dispatchers\frameDispatcher.js:104:110)
    at DispatcherConnection.dispatch (C:\Users\CYBORG~1\AppData\Local\Temp\playwright-java-6717313674447195659\package\lib\dispatchers\dispatcher.js:352:46)
}]]>
            </message>
            <full-stacktrace>
              <![CDATA[com.microsoft.playwright.TimeoutError: Error {
  message='Timeout 60000ms exceeded.
=========================== logs ===========================
waiting for selector "(//ul[@class='srp-results srp-grid clearfix']//li[@class='s-item'])[1]//a[@class='s-item__link']" to be visible
============================================================
  name='TimeoutError
  stack='TimeoutError: Timeout 60000ms exceeded.
=========================== logs ===========================
waiting for selector "(//ul[@class='srp-results srp-grid clearfix']//li[@class='s-item'])[1]//a[@class='s-item__link']" to be visible
============================================================
    at ProgressController.run (C:\Users\CYBORG~1\AppData\Local\Temp\playwright-java-6717313674447195659\package\lib\server\progress.js:96:26)
    at Frame.waitForSelector (C:\Users\CYBORG~1\AppData\Local\Temp\playwright-java-6717313674447195659\package\lib\server\frames.js:760:23)
    at FrameDispatcher.waitForSelector (C:\Users\CYBORG~1\AppData\Local\Temp\playwright-java-6717313674447195659\package\lib\dispatchers\frameDispatcher.js:104:110)
    at DispatcherConnection.dispatch (C:\Users\CYBORG~1\AppData\Local\Temp\playwright-java-6717313674447195659\package\lib\dispatchers\dispatcher.js:352:46)
}
at com.microsoft.playwright.impl.WaitableResult.get(WaitableResult.java:52)
at com.microsoft.playwright.impl.ChannelOwner.runUntil(ChannelOwner.java:103)
at com.microsoft.playwright.impl.Connection.sendMessage(Connection.java:105)
at com.microsoft.playwright.impl.ChannelOwner.sendMessage(ChannelOwner.java:94)
at com.microsoft.playwright.impl.FrameImpl.waitForSelectorImpl(FrameImpl.java:971)
at com.microsoft.playwright.impl.FrameImpl.waitForSelectorImpl(FrameImpl.java:961)
at com.microsoft.playwright.impl.PageImpl.lambda$waitForSelector$76(PageImpl.java:1394)
at com.microsoft.playwright.impl.LoggingSupport.withLogging(LoggingSupport.java:47)
at com.microsoft.playwright.impl.ChannelOwner.withLogging(ChannelOwner.java:79)
at com.microsoft.playwright.impl.PageImpl.waitForSelector(PageImpl.java:1393)
at com.ebay.pages.ProductPage.selectProduct(ProductPage.java:30)
at com.ebay.stepdefinitions.ProductPageSteps.theUserSelectsAProductFromTheSearchResults(ProductPageSteps.java:125)
at ✽.the user selects a product from the search results(file:///C:/Users/CYBORG%2015/Documents/Automation/QASkillAssessmentDR/src/test/resources/features/searchItem.feature:7)
Caused by: com.microsoft.playwright.TimeoutError: Error {
  message='Timeout 60000ms exceeded.
=========================== logs ===========================
waiting for selector "(//ul[@class='srp-results srp-grid clearfix']//li[@class='s-item'])[1]//a[@class='s-item__link']" to be visible
============================================================
  name='TimeoutError
  stack='TimeoutError: Timeout 60000ms exceeded.
=========================== logs ===========================
waiting for selector "(//ul[@class='srp-results srp-grid clearfix']//li[@class='s-item'])[1]//a[@class='s-item__link']" to be visible
============================================================
    at ProgressController.run (C:\Users\CYBORG~1\AppData\Local\Temp\playwright-java-6717313674447195659\package\lib\server\progress.js:96:26)
    at Frame.waitForSelector (C:\Users\CYBORG~1\AppData\Local\Temp\playwright-java-6717313674447195659\package\lib\server\frames.js:760:23)
    at FrameDispatcher.waitForSelector (C:\Users\CYBORG~1\AppData\Local\Temp\playwright-java-6717313674447195659\package\lib\dispatchers\frameDispatcher.js:104:110)
    at DispatcherConnection.dispatch (C:\Users\CYBORG~1\AppData\Local\Temp\playwright-java-6717313674447195659\package\lib\dispatchers\dispatcher.js:352:46)
}
at com.microsoft.playwright.impl.Connection.dispatch(Connection.java:181)
at com.microsoft.playwright.impl.Connection.processOneMessage(Connection.java:163)
at com.microsoft.playwright.impl.ChannelOwner.runUntil(ChannelOwner.java:101)
at com.microsoft.playwright.impl.Connection.sendMessage(Connection.java:105)
at com.microsoft.playwright.impl.ChannelOwner.sendMessage(ChannelOwner.java:94)
at com.microsoft.playwright.impl.FrameImpl.waitForSelectorImpl(FrameImpl.java:971)
at com.microsoft.playwright.impl.FrameImpl.waitForSelectorImpl(FrameImpl.java:961)
at com.microsoft.playwright.impl.PageImpl.lambda$waitForSelector$76(PageImpl.java:1394)
at com.microsoft.playwright.impl.LoggingSupport.withLogging(LoggingSupport.java:47)
at com.microsoft.playwright.impl.ChannelOwner.withLogging(ChannelOwner.java:79)
at com.microsoft.playwright.impl.PageImpl.waitForSelector(PageImpl.java:1393)
at com.ebay.pages.ProductPage.selectProduct(ProductPage.java:30)
at com.ebay.stepdefinitions.ProductPageSteps.theUserSelectsAProductFromTheSearchResults(ProductPageSteps.java:125)
at java.base/jdk.internal.reflect.DirectMethodHandleAccessor.invoke(DirectMethodHandleAccessor.java:103)
at java.base/java.lang.reflect.Method.invoke(Method.java:580)
at io.cucumber.java.Invoker.doInvoke(Invoker.java:66)
at io.cucumber.java.Invoker.invoke(Invoker.java:24)
at io.cucumber.java.AbstractGlueDefinition.invokeMethod(AbstractGlueDefinition.java:47)
at io.cucumber.java.JavaStepDefinition.execute(JavaStepDefinition.java:29)
at io.cucumber.core.runner.CoreStepDefinition.execute(CoreStepDefinition.java:66)
at io.cucumber.core.runner.PickleStepDefinitionMatch.runStep(PickleStepDefinitionMatch.java:63)
at io.cucumber.core.runner.ExecutionMode$1.execute(ExecutionMode.java:10)
at io.cucumber.core.runner.TestStep.executeStep(TestStep.java:84)
at io.cucumber.core.runner.TestStep.run(TestStep.java:56)
at io.cucumber.core.runner.PickleStepTestStep.run(PickleStepTestStep.java:51)
at io.cucumber.core.runner.TestCase.run(TestCase.java:84)
at io.cucumber.core.runner.Runner.runPickle(Runner.java:75)
at io.cucumber.testng.TestNGCucumberRunner.lambda$runScenario$1(TestNGCucumberRunner.java:132)
at io.cucumber.core.runtime.CucumberExecutionContext.lambda$runTestCase$5(CucumberExecutionContext.java:137)
at io.cucumber.core.runtime.RethrowingThrowableCollector.executeAndThrow(RethrowingThrowableCollector.java:23)
at io.cucumber.core.runtime.CucumberExecutionContext.runTestCase(CucumberExecutionContext.java:137)
at io.cucumber.testng.TestNGCucumberRunner.runScenario(TestNGCucumberRunner.java:129)
at io.cucumber.testng.AbstractTestNGCucumberTests.runScenario(AbstractTestNGCucumberTests.java:35)
at java.base/jdk.internal.reflect.DirectMethodHandleAccessor.invoke(DirectMethodHandleAccessor.java:103)
at java.base/java.lang.reflect.Method.invoke(Method.java:580)
at org.testng.internal.invokers.MethodInvocationHelper.invokeMethod(MethodInvocationHelper.java:139)
at org.testng.internal.invokers.TestInvoker.invokeMethod(TestInvoker.java:664)
at org.testng.internal.invokers.TestInvoker.invokeTestMethod(TestInvoker.java:227)
at org.testng.internal.invokers.MethodRunner.runInSequence(MethodRunner.java:50)
at org.testng.internal.invokers.TestInvoker$MethodInvocationAgent.invoke(TestInvoker.java:957)
at org.testng.internal.invokers.TestInvoker.invokeTestMethods(TestInvoker.java:200)
at org.testng.internal.invokers.TestMethodWorker.invokeTestMethods(TestMethodWorker.java:148)
at org.testng.internal.invokers.TestMethodWorker.run(TestMethodWorker.java:128)
at java.base/java.util.ArrayList.forEach(ArrayList.java:1597)
at org.testng.TestRunner.privateRun(TestRunner.java:848)
at org.testng.TestRunner.run(TestRunner.java:621)
at org.testng.SuiteRunner.runTest(SuiteRunner.java:443)
at org.testng.SuiteRunner.runSequentially(SuiteRunner.java:437)
at org.testng.SuiteRunner.privateRun(SuiteRunner.java:397)
at org.testng.SuiteRunner.run(SuiteRunner.java:336)
at org.testng.SuiteRunnerWorker.runSuite(SuiteRunnerWorker.java:52)
at org.testng.SuiteRunnerWorker.run(SuiteRunnerWorker.java:95)
at org.testng.TestNG.runSuitesSequentially(TestNG.java:1280)
at org.testng.TestNG.runSuitesLocally(TestNG.java:1200)
at org.testng.TestNG.runSuites(TestNG.java:1114)
at org.testng.TestNG.run(TestNG.java:1082)
at org.testng.remote.AbstractRemoteTestNG.run(AbstractRemoteTestNG.java:115)
at org.testng.remote.RemoteTestNG.initAndRun(RemoteTestNG.java:293)
at org.testng.remote.RemoteTestNG.main(RemoteTestNG.java:91)
]]>
            </full-stacktrace>
          </exception> <!-- com.microsoft.playwright.TimeoutError -->
          <reporter-output>
          </reporter-output>
        </test-method> <!-- runScenario -->
        <test-method is-config="true" signature="tearDownClass()[pri:0, instance:com.ebay.runner.TestRunner@1d296da]" started-at="2025-01-06T08:24:41 IST" name="tearDownClass" finished-at="2025-01-06T08:24:41 IST" duration-ms="23" status="PASS">
          <reporter-output>
          </reporter-output>
        </test-method> <!-- tearDownClass -->
      </class> <!-- com.ebay.runner.TestRunner -->
    </test> <!-- Default test -->
  </suite> <!-- Default suite -->
</testng-results>
